Arguments: 
  C:\Program Files\nodejs\node.exe C:\Users\tro\AppData\Roaming\npm\node_modules\yarn\bin\yarn.js add tippy.js

PATH: 
  C:\Windows\system32;C:\Windows;C:\Windows\System32\Wbem;C:\Windows\System32\WindowsPowerShell\v1.0\;C:\Windows\System32\OpenSSH\;C:\Program Files\nodejs\;C:\Program Files\Git\cmd;C:\Users\tro\AppData\Local\Microsoft\WindowsApps;C:\Users\tro\AppData\Roaming\npm;C:\Users\tro\AppData\Local\GitHubDesktop\bin;C:\Users\tro\AppData\Local\Programs\Microsoft VS Code\bin

Yarn version: 
  1.22.19

Node version: 
  18.15.0

Platform: 
  win32 x64

Trace: 
  Error: EPERM: operation not permitted, unlink 'D:\next_practise\codes_wear_E_commerce\codes_wear\node_modules\@next\swc-win32-x64-msvc\next-swc.win32-x64-msvc.node'

npm manifest: 
  {
    "name": "codes_wear",
    "version": "0.1.0",
    "private": true,
    "scripts": {
      "dev": "next dev",
      "build": "next build",
      "start": "next start",
      "lint": "next lint"
    },
    "dependencies": {
      "add": "^2.0.6",
      "mongoose": "^7.0.3",
      "next": "13.2.4",
      "react": "18.2.0",
      "react-dom": "18.2.0",
      "react-icons": "^4.8.0",
      "yarn": "^1.22.19"
    },
    "devDependencies": {
      "autoprefixer": "^10.4.14",
      "postcss": "^8.4.21",
      "tailwindcss": "^3.3.1"
    }
  }

yarn manifest: 
  No manifest

Lockfile: 
  No lockfile
